WARNING:sim:991 - The project IP instance 'sqrt' for IP 'CORDIC v4.0' was
   generated with a different version of the IP than is currently in the IP
   Catalog. It was originally generated using IP with the packaged timestamp
   '2012-12-18+05:02'; the IP in the current catalog has a different packaged
   timestamp '2013-10-13+18:14'. This mismatch is due to changes made to the IP
   in the user repositories. It may affect some functionality of the IP, if
   there are differences between these two versions of the IP.
INFO:sim:172 - Generating IP...
Applying current project options...
Finished applying current project options.
WARNING:sim - A core named 'sqrt' already exists in the project. Output products
   for this core may be overwritten.
Resolving generics for 'sqrt'...
WARNING:sim - A core named 'sqrt' already exists in the project. Output products
   for this core may be overwritten.
Applying external generics to 'sqrt'...
Delivering associated files for 'sqrt'...
Generating implementation netlist for 'sqrt'...
INFO:sim - Pre-processing HDL files for 'sqrt'...
Running synthesis for 'sqrt'
Running ngcbuild...
Writing VHO instantiation template for 'sqrt'...
Writing VHDL behavioral simulation model for 'sqrt'...
Delivered 2 files into directory
/home/cscdev/pakhotin/Work/2016-04-26_FEC_for_GEM_test_stands/FEC/trunk/Projects
_FECv6/FECv6_APZ/remote_sources/APZ_processor/sources/tmp/_cg/sqrt
Generating ASY schematic symbol...
INFO:sim:949 - Finished generation of ASY schematic symbol.
Generating SYM schematic symbol for 'sqrt'...
Generating metadata file...
Generating ISE project...
XCO file found: sqrt.xco
XMDF file found: sqrt_xmdf.tcl
Adding
/home/cscdev/pakhotin/Work/2016-04-26_FEC_for_GEM_test_stands/FEC/trunk/Projects
_FECv6/FECv6_APZ/remote_sources/APZ_processor/sources/tmp/_cg/sqrt.asy -view all
-origin_type imported
Adding
/home/cscdev/pakhotin/Work/2016-04-26_FEC_for_GEM_test_stands/FEC/trunk/Projects
_FECv6/FECv6_APZ/remote_sources/APZ_processor/sources/tmp/_cg/sqrt.ngc -view all
-origin_type created
Checking file
"/home/cscdev/pakhotin/Work/2016-04-26_FEC_for_GEM_test_stands/FEC/trunk/Project
s_FECv6/FECv6_APZ/remote_sources/APZ_processor/sources/tmp/_cg/sqrt.ngc" for
project device match ...
File
"/home/cscdev/pakhotin/Work/2016-04-26_FEC_for_GEM_test_stands/FEC/trunk/Project
s_FECv6/FECv6_APZ/remote_sources/APZ_processor/sources/tmp/_cg/sqrt.ngc" device
information matches project device.
Adding
/home/cscdev/pakhotin/Work/2016-04-26_FEC_for_GEM_test_stands/FEC/trunk/Projects
_FECv6/FECv6_APZ/remote_sources/APZ_processor/sources/tmp/_cg/sqrt.sym -view all
-origin_type imported
Adding
/home/cscdev/pakhotin/Work/2016-04-26_FEC_for_GEM_test_stands/FEC/trunk/Projects
_FECv6/FECv6_APZ/remote_sources/APZ_processor/sources/tmp/_cg/sqrt.vhd -view all
-origin_type created
INFO:HDLCompiler:1061 - Parsing VHDL file
   "/home/cscdev/pakhotin/Work/2016-04-26_FEC_for_GEM_test_stands/FEC/trunk/Proj
   ects_FECv6/FECv6_APZ/remote_sources/APZ_processor/sources/tmp/_cg/sqrt.vhd"
   into library work
INFO:ProjectMgmt - Parsing design hierarchy completed successfully.
Adding
/home/cscdev/pakhotin/Work/2016-04-26_FEC_for_GEM_test_stands/FEC/trunk/Projects
_FECv6/FECv6_APZ/remote_sources/APZ_processor/sources/tmp/_cg/sqrt.vho -view all
-origin_type imported
INFO:TclTasksC:2116 - The automatic calculation of top has been turned-off.
   Please set the new top explicitly by running the "project set top" command.
   To re-calculate the new top automatically, set the "Auto Implementation Top"
   property to true.
Top level has been set to "/sqrt"
Generating README file...
Generating FLIST file...
INFO:sim:948 - Finished FLIST file generation.
Launching README viewer...
Moving files to output directory...
Finished moving files to output directory
Wrote CGP file for project 'sqrt'.
